Build started 23/05/2012 21:31:58.
     1>Project "C:\Users\User\Desktop\Pac\VS solution root\Pac\Pac\Pac.vcxproj" on node 2 (build target(s)).
     1>InitializeBuildStatus:
         Creating "Debug\Pac.unsuccessfulbuild" because "AlwaysCreate" was specified.
       ClCompile:
         c:\Program Files (x86)\Microsoft Visual Studio 10.0\VC\bin\CL.exe /c /IC:\Users\Rafael\Desktop\Pac\glut\include /ZI /nologo /W3 /WX- /Od /Oy- /D GLUT_BUILDING_LIB /D WIN32 /D _DEBUG /D _CONSOLE /D _UNICODE /D UNICODE /Gm /EHsc /RTC1 /MDd /GS /fp:precise /Zc:wchar_t /Zc:forScope /Fo"Debug\\" /Fd"Debug\vc100.pdb" /Gd /TP /analyze- /errorReport:prompt Wall.cpp
         Wall.cpp
         All outputs are up-to-date.
       ManifestResourceCompile:
         All outputs are up-to-date.
       Link:
         c:\Program Files (x86)\Microsoft Visual Studio 10.0\VC\bin\link.exe /ERRORREPORT:PROMPT /OUT:"C:\Users\User\Desktop\Pac\VS solution root\Pac\Debug\Pac.exe" /INCREMENTAL /NOLOGO /LIBPATH:C:\Users\Rafael\Desktop\Pac\glut\lib glu32.lib glut32.lib opengl32.lib kernel32.lib user32.lib gdi32.lib winspool.lib comdlg32.lib advapi32.lib shell32.lib ole32.lib oleaut32.lib uuid.lib odbc32.lib odbccp32.lib kernel32.lib user32.lib gdi32.lib winspool.lib comdlg32.lib advapi32.lib shell32.lib ole32.lib oleaut32.lib uuid.lib odbc32.lib odbccp32.lib /MANIFEST /ManifestFile:"Debug\Pac.exe.intermediate.manifest" /MANIFESTUAC:"level='asInvoker' uiAccess='false'" /DEBUG /PDB:"C:\Users\User\Desktop\Pac\VS solution root\Pac\Debug\Pac.pdb" /SUBSYSTEM:CONSOLE /TLBID:1 /DYNAMICBASE /NXCOMPAT /IMPLIB:"C:\Users\User\Desktop\Pac\VS solution root\Pac\Debug\Pac.lib" /MACHINE:X86 Debug\Pac.exe.embed.manifest.res
         Debug\AuxFuncs.obj
         Debug\Floor.obj
         Debug\Food.obj
         Debug\Ghost.obj
         Debug\glbmp.obj
         Debug\Labyrinth.obj
         Debug\main.obj
         Debug\Movable.obj
         Debug\Pacman.obj
         Debug\Wall.obj
       Manifest:
         C:\Program Files (x86)\Microsoft SDKs\Windows\v7.0A\bin\mt.exe /nologo /verbose /out:"Debug\Pac.exe.embed.manifest" /manifest Debug\Pac.exe.intermediate.manifest
         All outputs are up-to-date.
       LinkEmbedManifest:
         All outputs are up-to-date.
         Pac.vcxproj -> C:\Users\User\Desktop\Pac\VS solution root\Pac\Debug\Pac.exe
       FinalizeBuildStatus:
         Deleting file "Debug\Pac.unsuccessfulbuild".
         Touching "Debug\Pac.lastbuildstate".
     1>Done Building Project "C:\Users\User\Desktop\Pac\VS solution root\Pac\Pac\Pac.vcxproj" (build target(s)).

Build succeeded.

Time Elapsed 00:00:01.13
